<?xml version="1.0" encoding="UTF-8"?>
<!-- Generated by org.testng.reporters.JUnitReportReporter -->
<testsuite skipped="0" hostname="DESKTOP-7Q3OG19" name="pageClasses.LoginClass" tests="2" failures="0" timestamp="27 Nov 2019 08:15:12 GMT" time="20.576" errors="0">
  <testcase name="setUp" time="15.855" classname="pageClasses.LoginClass"/>
  <testcase name="userLogin" time="4.721" classname="pageClasses.LoginClass"/>
</testsuite> <!-- pageClasses.LoginClass -->
