<?xml version="1.0" encoding="UTF-8"?>
<!-- Generated by org.testng.reporters.JUnitReportReporter -->
<testsuite skipped="0" hostname="DESKTOP-7Q3OG19" name="seleniumTests.LoginTest" tests="1" failures="0" timestamp="27 Nov 2019 13:05:42 GMT" time="45.342" errors="0">
  <testcase name="loginAction" time="45.342" classname="seleniumTests.LoginTest"/>
</testsuite> <!-- seleniumTests.LoginTest -->
